<?xml version="1.0" encoding="UTF-8"?>
<!-- Generated by org.testng.reporters.JUnitReportReporter -->
<testsuite skipped="1" hostname="Kavithas-MacBook-Pro.local" name="applestoreAPI.appleStore" tests="2" failures="0" timestamp="21 Nov 2019 19:04:02 GMT" time="3.009" errors="0">
  <testcase name="getstatus" time="3.009" classname="applestoreAPI.appleStore"/>
  <testcase name="poststatus" classname="applestoreAPI.appleStore">
    <skipped/>
  </testcase> <!-- poststatus -->
</testsuite> <!-- applestoreAPI.appleStore -->
